[debug] [2021-06-29T08:07:21.667Z] ----------------------------------------------------------------------
[debug] [2021-06-29T08:07:21.669Z] Command:       C:\Program Files\nodejs\node.exe C:\Users\laksh\AppData\Roaming\npm\node_modules\firebase-tools\lib\bin\firebase.js init
[debug] [2021-06-29T08:07:21.670Z] CLI Version:   9.14.0
[debug] [2021-06-29T08:07:21.670Z] Platform:      win32
[debug] [2021-06-29T08:07:21.670Z] Node Version:  v14.16.0
[debug] [2021-06-29T08:07:21.671Z] Time:          Tue Jun 29 2021 13:37:21 GMT+0530 (India Standard Time)
[debug] [2021-06-29T08:07:21.671Z] ----------------------------------------------------------------------
[debug] 
[debug] [2021-06-29T08:07:21.681Z] > command requires scopes: ["email","openid","https://www.googleapis.com/auth/cloudplatformprojects.readonly","https://www.googleapis.com/auth/firebase","https://www.googleapis.com/auth/cloud-platform"]
[debug] [2021-06-29T08:07:21.681Z] > authorizing via signed-in user (lakshitk6666@gmail.com)
[info] 
     ######## #### ########  ######## ########     ###     ######  ########
     ##        ##  ##     ## ##       ##     ##  ##   ##  ##       ##
     ######    ##  ########  ######   ########  #########  ######  ######
     ##        ##  ##    ##  ##       ##     ## ##     ##       ## ##
     ##       #### ##     ## ######## ########  ##     ##  ######  ########

You're about to initialize a Firebase project in this directory:

  D:\Programmes\react learning\react-self

[info] 
=== Project Setup
[info] 
[info] First, let's associate this project directory with a Firebase project.
[info] You can create multiple project aliases by running firebase use --add, 
[info] but for now we'll just set up a default project.
[info] 
[debug] [2021-06-29T08:08:59.469Z] >>> [apiv2][query] GET https://firebase.googleapis.com/v1beta1/projects pageSize=100
[debug] [2021-06-29T08:09:00.107Z] <<< [apiv2][status] GET https://firebase.googleapis.com/v1beta1/projects 200
[debug] [2021-06-29T08:09:00.107Z] <<< [apiv2][body] GET https://firebase.googleapis.com/v1beta1/projects [omitted]
[info] i  Using project netflic-clone-9a6a3 (Netflic-clone) 
[info] 
=== Hosting Setup
[info] 
[info] Your public directory is the folder (relative to your project directory) that
[info] will contain Hosting assets to be uploaded with firebase deploy. If you
[info] have a build process for your assets, use your build's output directory.
[info] 
